2020-10-29 08:17:59.915 [ main ] - [ INFO  ] [ o.s.c.c.client.ConfigServicePropertySourceLocator : 257 ] - Fetching config from server at : http://localhost:8001
2020-10-29 08:18:01.964 [ main ] - [ INFO  ] [ o.s.c.c.client.ConfigServicePropertySourceLocator : 176 ] - Located environment: name=hv-administration, profiles=[dev], label=null, version=38d4ee29f192b2539c7344a8e10eb5e4a551fcd1, state=null
2020-10-29 08:18:01.966 [ main ] - [ INFO  ] [ o.s.c.b.c.PropertySourceBootstrapConfiguration : 112 ] - Located property source: [BootstrapPropertySource {name='bootstrapProperties-configClient'}, BootstrapPropertySource {name='bootstrapProperties-http://10.60.253.36/hv/houmourv.git/config/hv-administration-dev.properties'}]
2020-10-29 08:18:01.974 [ main ] - [ INFO  ] [ c.h.administration.HvAdministrationApplication : 651 ] - No active profile set, falling back to default profiles: default
2020-10-29 08:18:02.641 [ main ] - [ INFO  ] [ o.springframework.cloud.context.scope.GenericScope : 295 ] - BeanFactory id=5d03e8a4-7adf-3736-88bd-9f58abf8253c
2020-10-29 08:18:02.883 [ main ] - [ INFO  ] [ o.s.boot.web.embedded.tomcat.TomcatWebServer : 108 ] - Tomcat initialized with port(s): 8088 (http)
2020-10-29 08:18:02.893 [ main ] - [ INFO  ] [ org.apache.catalina.core.StandardService : 173 ] - Starting service [Tomcat]
2020-10-29 08:18:02.893 [ main ] - [ INFO  ] [ org.apache.catalina.core.StandardEngine : 173 ] - Starting Servlet engine: [Apache Tomcat/9.0.38]
2020-10-29 08:18:03.024 [ main ] - [ INFO  ] [ o.a.c.core.ContainerBase.[Tomcat].[localhost].[/] : 173 ] - Initializing Spring embedded WebApplicationContext
2020-10-29 08:18:03.025 [ main ] - [ INFO  ] [ o.s.b.w.s.c.ServletWebServerApplicationContext : 285 ] - Root WebApplicationContext: initialization completed in 1039 ms
2020-10-29 08:18:03.320 [ main ] - [ INFO  ] [ o.s.scheduling.concurrent.ThreadPoolTaskExecutor : 181 ] - Initializing ExecutorService 'applicationTaskExecutor'
2020-10-29 08:18:03.547 [ main ] - [ INFO  ] [ o.s.b.a.s.s.UserDetailsServiceAutoConfiguration : 86 ] - 

Using generated security password: 468eb0ef-89c1-456f-9419-36ad6d6d9f7a

2020-10-29 08:18:03.641 [ main ] - [ INFO  ] [ o.s.security.web.DefaultSecurityFilterChain : 43 ] - Creating filter chain: any request, [org.springframework.security.web.context.request.async.WebAsyncManagerIntegrationFilter@5f14761c, org.springframework.security.web.context.SecurityContextPersistenceFilter@590adb41, org.springframework.security.web.header.HeaderWriterFilter@3d19d85, org.springframework.security.web.csrf.CsrfFilter@204abeff, org.springframework.security.web.authentication.logout.LogoutFilter@28237492, org.springframework.security.web.authentication.UsernamePasswordAuthenticationFilter@3c91530d, org.springframework.security.web.authentication.ui.DefaultLoginPageGeneratingFilter@1e3e1014, org.springframework.security.web.authentication.ui.DefaultLogoutPageGeneratingFilter@33feb805, org.springframework.security.web.authentication.www.BasicAuthenticationFilter@290e8cab, org.springframework.security.web.savedrequest.RequestCacheAwareFilter@43bf5397, org.springframework.security.web.servletapi.SecurityContextHolderAwareRequestFilter@2dfb885e, org.springframework.security.web.authentication.AnonymousAuthenticationFilter@37854b34, org.springframework.security.web.session.SessionManagementFilter@68ed3f30, org.springframework.security.web.access.ExceptionTranslationFilter@280d4882, org.springframework.security.web.access.intercept.FilterSecurityInterceptor@3119cf6f]
2020-10-29 08:18:03.731 [ main ] - [ INFO  ] [ o.s.b.actuate.endpoint.web.EndpointLinksResolver : 58 ] - Exposing 2 endpoint(s) beneath base path '/actuator'
2020-10-29 08:18:03.771 [ main ] - [ INFO  ] [ o.s.boot.web.embedded.tomcat.TomcatWebServer : 220 ] - Tomcat started on port(s): 8088 (http) with context path ''
2020-10-29 08:18:03.819 [ main ] - [ INFO  ] [ c.h.administration.HvAdministrationApplication : 61 ] - Started HvAdministrationApplication in 4.881 seconds (JVM running for 5.3)
2020-10-29 09:43:32.330 [ main ] - [ INFO  ] [ o.s.c.c.client.ConfigServicePropertySourceLocator : 257 ] - Fetching config from server at : http://localhost:8001
2020-10-29 09:43:32.728 [ main ] - [ INFO  ] [ o.s.c.c.client.ConfigServicePropertySourceLocator : 176 ] - Located environment: name=hv-administration, profiles=[dev], label=null, version=38d4ee29f192b2539c7344a8e10eb5e4a551fcd1, state=null
2020-10-29 09:43:32.730 [ main ] - [ INFO  ] [ o.s.c.b.c.PropertySourceBootstrapConfiguration : 112 ] - Located property source: [BootstrapPropertySource {name='bootstrapProperties-configClient'}, BootstrapPropertySource {name='bootstrapProperties-http://10.60.253.36/hv/houmourv.git/config/hv-administration-dev.properties'}]
2020-10-29 09:43:32.735 [ main ] - [ INFO  ] [ c.h.administration.HvAdministrationApplication : 651 ] - No active profile set, falling back to default profiles: default
2020-10-29 09:43:33.107 [ main ] - [ INFO  ] [ o.springframework.cloud.context.scope.GenericScope : 295 ] - BeanFactory id=a528674f-b537-3fd6-ad70-f988674389b6
2020-10-29 09:43:33.355 [ main ] - [ INFO  ] [ o.s.boot.web.embedded.tomcat.TomcatWebServer : 108 ] - Tomcat initialized with port(s): 8088 (http)
2020-10-29 09:43:33.366 [ main ] - [ INFO  ] [ org.apache.catalina.core.StandardService : 173 ] - Starting service [Tomcat]
2020-10-29 09:43:33.367 [ main ] - [ INFO  ] [ org.apache.catalina.core.StandardEngine : 173 ] - Starting Servlet engine: [Apache Tomcat/9.0.38]
2020-10-29 09:43:33.489 [ main ] - [ INFO  ] [ o.a.c.core.ContainerBase.[Tomcat].[localhost].[/] : 173 ] - Initializing Spring embedded WebApplicationContext
2020-10-29 09:43:33.489 [ main ] - [ INFO  ] [ o.s.b.w.s.c.ServletWebServerApplicationContext : 285 ] - Root WebApplicationContext: initialization completed in 742 ms
2020-10-29 09:43:33.604 [ main ] - [ INFO  ] [ o.s.scheduling.concurrent.ThreadPoolTaskExecutor : 181 ] - Initializing ExecutorService 'applicationTaskExecutor'
2020-10-29 09:43:33.794 [ main ] - [ INFO  ] [ o.s.boot.web.embedded.tomcat.TomcatWebServer : 220 ] - Tomcat started on port(s): 8088 (http) with context path ''
2020-10-29 09:43:33.836 [ main ] - [ INFO  ] [ c.h.administration.HvAdministrationApplication : 61 ] - Started HvAdministrationApplication in 2.342 seconds (JVM running for 2.713)
2020-10-29 09:44:20.163 [ http-nio-8088-exec-1 ] - [ INFO  ] [ o.a.c.core.ContainerBase.[Tomcat].[localhost].[/] : 173 ] - Initializing Spring DispatcherServlet 'dispatcherServlet'
2020-10-29 09:44:20.164 [ http-nio-8088-exec-1 ] - [ INFO  ] [ org.springframework.web.servlet.DispatcherServlet : 525 ] - Initializing Servlet 'dispatcherServlet'
2020-10-29 09:44:20.167 [ http-nio-8088-exec-1 ] - [ INFO  ] [ org.springframework.web.servlet.DispatcherServlet : 547 ] - Completed initialization in 3 ms
2020-10-29 10:24:27.408 [ main ] - [ INFO  ] [ o.s.c.c.client.ConfigServicePropertySourceLocator : 257 ] - Fetching config from server at : http://localhost:8001
2020-10-29 10:24:28.120 [ main ] - [ INFO  ] [ o.s.c.c.client.ConfigServicePropertySourceLocator : 176 ] - Located environment: name=hv-administration, profiles=[dev], label=null, version=dc710f8cce555baca241b46f950cec4bcc7781aa, state=null
2020-10-29 10:24:28.121 [ main ] - [ INFO  ] [ o.s.c.b.c.PropertySourceBootstrapConfiguration : 112 ] - Located property source: [BootstrapPropertySource {name='bootstrapProperties-configClient'}, BootstrapPropertySource {name='bootstrapProperties-http://10.60.253.36/hv/houmourv.git/config/hv-administration-dev.properties'}]
2020-10-29 10:24:28.125 [ main ] - [ INFO  ] [ c.h.administration.HvAdministrationApplication : 651 ] - No active profile set, falling back to default profiles: default
2020-10-29 10:24:28.466 [ main ] - [ INFO  ] [ o.springframework.cloud.context.scope.GenericScope : 295 ] - BeanFactory id=b6d2aeaa-db03-3241-b07f-e5cd9e35a9ab
2020-10-29 10:24:28.705 [ main ] - [ INFO  ] [ o.s.boot.web.embedded.tomcat.TomcatWebServer : 108 ] - Tomcat initialized with port(s): 8088 (http)
2020-10-29 10:24:28.715 [ main ] - [ INFO  ] [ org.apache.catalina.core.StandardService : 173 ] - Starting service [Tomcat]
2020-10-29 10:24:28.716 [ main ] - [ INFO  ] [ org.apache.catalina.core.StandardEngine : 173 ] - Starting Servlet engine: [Apache Tomcat/9.0.38]
2020-10-29 10:24:28.831 [ main ] - [ INFO  ] [ o.a.c.core.ContainerBase.[Tomcat].[localhost].[/] : 173 ] - Initializing Spring embedded WebApplicationContext
2020-10-29 10:24:28.832 [ main ] - [ INFO  ] [ o.s.b.w.s.c.ServletWebServerApplicationContext : 285 ] - Root WebApplicationContext: initialization completed in 694 ms
2020-10-29 10:24:28.985 [ main ] - [ INFO  ] [ o.s.scheduling.concurrent.ThreadPoolTaskExecutor : 181 ] - Initializing ExecutorService 'applicationTaskExecutor'
2020-10-29 10:24:29.173 [ main ] - [ INFO  ] [ o.s.boot.web.embedded.tomcat.TomcatWebServer : 220 ] - Tomcat started on port(s): 8088 (http) with context path ''
2020-10-29 10:24:29.250 [ main ] - [ INFO  ] [ c.h.administration.HvAdministrationApplication : 61 ] - Started HvAdministrationApplication in 2.673 seconds (JVM running for 3.045)
2020-10-29 10:24:39.911 [ http-nio-8088-exec-1 ] - [ INFO  ] [ o.a.c.core.ContainerBase.[Tomcat].[localhost].[/] : 173 ] - Initializing Spring DispatcherServlet 'dispatcherServlet'
2020-10-29 10:24:39.912 [ http-nio-8088-exec-1 ] - [ INFO  ] [ org.springframework.web.servlet.DispatcherServlet : 525 ] - Initializing Servlet 'dispatcherServlet'
2020-10-29 10:24:39.916 [ http-nio-8088-exec-1 ] - [ INFO  ] [ org.springframework.web.servlet.DispatcherServlet : 547 ] - Completed initialization in 4 ms
2020-10-29 10:28:21.146 [ main ] - [ INFO  ] [ o.s.c.c.client.ConfigServicePropertySourceLocator : 257 ] - Fetching config from server at : http://localhost:8001
2020-10-29 10:28:21.766 [ main ] - [ INFO  ] [ o.s.c.c.client.ConfigServicePropertySourceLocator : 176 ] - Located environment: name=hv-administration, profiles=[dev], label=null, version=b2448bdddf16c9c88c1c543b466c1e449cb20cce, state=null
2020-10-29 10:28:21.767 [ main ] - [ INFO  ] [ o.s.c.b.c.PropertySourceBootstrapConfiguration : 112 ] - Located property source: [BootstrapPropertySource {name='bootstrapProperties-configClient'}, BootstrapPropertySource {name='bootstrapProperties-http://10.60.253.36/hv/houmourv.git/config/hv-administration-dev.properties'}]
2020-10-29 10:28:21.771 [ main ] - [ INFO  ] [ c.h.administration.HvAdministrationApplication : 651 ] - No active profile set, falling back to default profiles: default
2020-10-29 10:28:22.123 [ main ] - [ INFO  ] [ o.springframework.cloud.context.scope.GenericScope : 295 ] - BeanFactory id=b6d2aeaa-db03-3241-b07f-e5cd9e35a9ab
2020-10-29 10:28:22.357 [ main ] - [ INFO  ] [ o.s.boot.web.embedded.tomcat.TomcatWebServer : 108 ] - Tomcat initialized with port(s): 8088 (http)
2020-10-29 10:28:22.366 [ main ] - [ INFO  ] [ org.apache.catalina.core.StandardService : 173 ] - Starting service [Tomcat]
2020-10-29 10:28:22.366 [ main ] - [ INFO  ] [ org.apache.catalina.core.StandardEngine : 173 ] - Starting Servlet engine: [Apache Tomcat/9.0.38]
2020-10-29 10:28:22.478 [ main ] - [ INFO  ] [ o.a.c.core.ContainerBase.[Tomcat].[localhost].[/] : 173 ] - Initializing Spring embedded WebApplicationContext
2020-10-29 10:28:22.478 [ main ] - [ INFO  ] [ o.s.b.w.s.c.ServletWebServerApplicationContext : 285 ] - Root WebApplicationContext: initialization completed in 698 ms
2020-10-29 10:28:22.624 [ main ] - [ INFO  ] [ o.s.scheduling.concurrent.ThreadPoolTaskExecutor : 181 ] - Initializing ExecutorService 'applicationTaskExecutor'
2020-10-29 10:28:22.815 [ main ] - [ INFO  ] [ o.s.boot.web.embedded.tomcat.TomcatWebServer : 220 ] - Tomcat started on port(s): 8088 (http) with context path ''
2020-10-29 10:28:22.897 [ main ] - [ INFO  ] [ c.h.administration.HvAdministrationApplication : 61 ] - Started HvAdministrationApplication in 2.575 seconds (JVM running for 2.928)
2020-10-29 10:28:28.586 [ http-nio-8088-exec-1 ] - [ INFO  ] [ o.a.c.core.ContainerBase.[Tomcat].[localhost].[/] : 173 ] - Initializing Spring DispatcherServlet 'dispatcherServlet'
2020-10-29 10:28:28.586 [ http-nio-8088-exec-1 ] - [ INFO  ] [ org.springframework.web.servlet.DispatcherServlet : 525 ] - Initializing Servlet 'dispatcherServlet'
2020-10-29 10:28:28.591 [ http-nio-8088-exec-1 ] - [ INFO  ] [ org.springframework.web.servlet.DispatcherServlet : 547 ] - Completed initialization in 5 ms
2020-10-29 10:37:41.733 [ main ] - [ INFO  ] [ o.s.c.c.client.ConfigServicePropertySourceLocator : 257 ] - Fetching config from server at : http://localhost:8001
2020-10-29 10:37:42.356 [ main ] - [ INFO  ] [ o.s.c.c.client.ConfigServicePropertySourceLocator : 176 ] - Located environment: name=hv-administration, profiles=[dev], label=null, version=46ecfcb1191ad89aa4606bb7a7eaede32c3c3199, state=null
2020-10-29 10:37:42.357 [ main ] - [ INFO  ] [ o.s.c.b.c.PropertySourceBootstrapConfiguration : 112 ] - Located property source: [BootstrapPropertySource {name='bootstrapProperties-configClient'}, BootstrapPropertySource {name='bootstrapProperties-http://10.60.253.36/hv/houmourv.git/config/hv-administration-dev.properties'}]
2020-10-29 10:37:42.361 [ main ] - [ INFO  ] [ c.h.administration.HvAdministrationApplication : 651 ] - No active profile set, falling back to default profiles: default
2020-10-29 10:37:42.683 [ main ] - [ INFO  ] [ o.springframework.cloud.context.scope.GenericScope : 295 ] - BeanFactory id=b6d2aeaa-db03-3241-b07f-e5cd9e35a9ab
2020-10-29 10:37:42.917 [ main ] - [ INFO  ] [ o.s.boot.web.embedded.tomcat.TomcatWebServer : 108 ] - Tomcat initialized with port(s): 8088 (http)
2020-10-29 10:37:42.926 [ main ] - [ INFO  ] [ org.apache.catalina.core.StandardService : 173 ] - Starting service [Tomcat]
2020-10-29 10:37:42.926 [ main ] - [ INFO  ] [ org.apache.catalina.core.StandardEngine : 173 ] - Starting Servlet engine: [Apache Tomcat/9.0.38]
2020-10-29 10:37:43.043 [ main ] - [ INFO  ] [ o.a.c.core.ContainerBase.[Tomcat].[localhost].[/] : 173 ] - Initializing Spring embedded WebApplicationContext
2020-10-29 10:37:43.043 [ main ] - [ INFO  ] [ o.s.b.w.s.c.ServletWebServerApplicationContext : 285 ] - Root WebApplicationContext: initialization completed in 673 ms
2020-10-29 10:37:43.183 [ main ] - [ INFO  ] [ o.s.scheduling.concurrent.ThreadPoolTaskExecutor : 181 ] - Initializing ExecutorService 'applicationTaskExecutor'
2020-10-29 10:37:43.410 [ main ] - [ INFO  ] [ o.s.boot.web.embedded.tomcat.TomcatWebServer : 220 ] - Tomcat started on port(s): 8088 (http) with context path ''
2020-10-29 10:37:43.454 [ main ] - [ INFO  ] [ c.h.administration.HvAdministrationApplication : 61 ] - Started HvAdministrationApplication in 2.537 seconds (JVM running for 2.894)
2020-10-29 10:37:55.338 [ http-nio-8088-exec-2 ] - [ INFO  ] [ o.a.c.core.ContainerBase.[Tomcat].[localhost].[/] : 173 ] - Initializing Spring DispatcherServlet 'dispatcherServlet'
2020-10-29 10:37:55.339 [ http-nio-8088-exec-2 ] - [ INFO  ] [ org.springframework.web.servlet.DispatcherServlet : 525 ] - Initializing Servlet 'dispatcherServlet'
2020-10-29 10:37:55.343 [ http-nio-8088-exec-2 ] - [ INFO  ] [ org.springframework.web.servlet.DispatcherServlet : 547 ] - Completed initialization in 3 ms
2020-10-29 10:47:44.706 [ main ] - [ INFO  ] [ o.s.c.c.client.ConfigServicePropertySourceLocator : 257 ] - Fetching config from server at : http://localhost:8001
2020-10-29 10:47:46.343 [ main ] - [ INFO  ] [ o.s.c.c.client.ConfigServicePropertySourceLocator : 176 ] - Located environment: name=hv-administration, profiles=[dev], label=null, version=46ecfcb1191ad89aa4606bb7a7eaede32c3c3199, state=null
2020-10-29 10:47:46.345 [ main ] - [ INFO  ] [ o.s.c.b.c.PropertySourceBootstrapConfiguration : 112 ] - Located property source: [BootstrapPropertySource {name='bootstrapProperties-configClient'}, BootstrapPropertySource {name='bootstrapProperties-http://10.60.253.36/hv/houmourv.git/config/hv-administration-dev.properties'}]
2020-10-29 10:47:46.350 [ main ] - [ INFO  ] [ c.h.administration.HvAdministrationApplication : 651 ] - No active profile set, falling back to default profiles: default
2020-10-29 10:47:46.753 [ main ] - [ INFO  ] [ o.springframework.cloud.context.scope.GenericScope : 295 ] - BeanFactory id=b6d2aeaa-db03-3241-b07f-e5cd9e35a9ab
2020-10-29 10:47:47.010 [ main ] - [ INFO  ] [ o.s.boot.web.embedded.tomcat.TomcatWebServer : 108 ] - Tomcat initialized with port(s): 8088 (http)
2020-10-29 10:47:47.022 [ main ] - [ INFO  ] [ org.apache.catalina.core.StandardService : 173 ] - Starting service [Tomcat]
2020-10-29 10:47:47.022 [ main ] - [ INFO  ] [ org.apache.catalina.core.StandardEngine : 173 ] - Starting Servlet engine: [Apache Tomcat/9.0.38]
2020-10-29 10:47:47.150 [ main ] - [ INFO  ] [ o.a.c.core.ContainerBase.[Tomcat].[localhost].[/] : 173 ] - Initializing Spring embedded WebApplicationContext
2020-10-29 10:47:47.150 [ main ] - [ INFO  ] [ o.s.b.w.s.c.ServletWebServerApplicationContext : 285 ] - Root WebApplicationContext: initialization completed in 789 ms
2020-10-29 10:47:47.294 [ main ] - [ INFO  ] [ o.s.scheduling.concurrent.ThreadPoolTaskExecutor : 181 ] - Initializing ExecutorService 'applicationTaskExecutor'
2020-10-29 10:47:47.490 [ main ] - [ INFO  ] [ o.s.boot.web.embedded.tomcat.TomcatWebServer : 220 ] - Tomcat started on port(s): 8088 (http) with context path ''
2020-10-29 10:47:47.539 [ main ] - [ INFO  ] [ c.h.administration.HvAdministrationApplication : 61 ] - Started HvAdministrationApplication in 3.776 seconds (JVM running for 4.135)
2020-10-29 10:47:52.409 [ http-nio-8088-exec-1 ] - [ INFO  ] [ o.a.c.core.ContainerBase.[Tomcat].[localhost].[/] : 173 ] - Initializing Spring DispatcherServlet 'dispatcherServlet'
2020-10-29 10:47:52.410 [ http-nio-8088-exec-1 ] - [ INFO  ] [ org.springframework.web.servlet.DispatcherServlet : 525 ] - Initializing Servlet 'dispatcherServlet'
2020-10-29 10:47:52.414 [ http-nio-8088-exec-1 ] - [ INFO  ] [ org.springframework.web.servlet.DispatcherServlet : 547 ] - Completed initialization in 4 ms
